<?xml version="1.0" encoding="UTF-8"?>
<!-- Generated by org.testng.reporters.JUnitXMLReporter -->
<testsuite ignored="0" hostname="DESKTOP-0UFG3UU" failures="0" tests="4" name="Default test" time="9.9" errors="0" timestamp="2024-02-25T13:12:19 IST">
  <testcase classname="api.test.UserTests" name="testPostUser" time="3.302"/>
  <testcase classname="api.test.UserTests" name="testGetUserByName" time="1.593"/>
  <testcase classname="api.test.UserTests" name="testUpdateUserByName" time="3.051"/>
  <testcase classname="api.test.UserTests" name="testDeleteUserByName" time="1.631"/>
</testsuite> <!-- Default test -->
