<?xml version="1.0" encoding="UTF-8"?>
<!-- Generated by org.testng.reporters.JUnitXMLReporter -->
<testsuite ignored="0" hostname="DESKTOP-0UFG3UU" failures="0" tests="4" name="Test" time="7.458" errors="0" timestamp="2024-02-25T18:38:45 IST">
  <testcase classname="api.test.UserTests" name="testPostUser" time="2.583"/>
  <testcase classname="api.test.UserTests" name="testGetUserByName" time="1.313"/>
  <testcase classname="api.test.UserTests" name="testUpdateUserByName" time="2.201"/>
  <testcase classname="api.test.UserTests" name="testDeleteUserByName" time="1.132"/>
</testsuite> <!-- Test -->
