<?xml version="1.0" encoding="UTF-8"?>
<testng-results ignored="0" total="4" passed="4" failed="0" skipped="0">
  <reporter-output>
  </reporter-output>
  <suite started-at="2024-02-25T18:38:38 IST" name="Suite" finished-at="2024-02-25T18:38:45 IST" duration-ms="7458">
    <groups>
    </groups>
    <test started-at="2024-02-25T18:38:38 IST" name="Test" finished-at="2024-02-25T18:38:45 IST" duration-ms="7458">
      <class name="api.test.UserTests">
        <test-method is-config="true" signature="setupData()[pri:0, instance:api.test.UserTests@4690b489]" started-at="2024-02-25T18:38:38 IST" name="setupData" finished-at="2024-02-25T18:38:38 IST" duration-ms="195" status="PASS">
          <reporter-output>
          </reporter-output>
        </test-method> <!-- setupData -->
        <test-method signature="testPostUser()[pri:1, instance:api.test.UserTests@4690b489]" started-at="2024-02-25T18:38:38 IST" name="testPostUser" finished-at="2024-02-25T18:38:41 IST" duration-ms="2583" status="PASS">
          <reporter-output>
          </reporter-output>
        </test-method> <!-- testPostUser -->
        <test-method signature="testGetUserByName()[pri:2, instance:api.test.UserTests@4690b489]" started-at="2024-02-25T18:38:41 IST" name="testGetUserByName" finished-at="2024-02-25T18:38:42 IST" duration-ms="1313" status="PASS">
          <reporter-output>
          </reporter-output>
        </test-method> <!-- testGetUserByName -->
        <test-method signature="testUpdateUserByName()[pri:3, instance:api.test.UserTests@4690b489]" started-at="2024-02-25T18:38:42 IST" name="testUpdateUserByName" finished-at="2024-02-25T18:38:44 IST" duration-ms="2201" status="PASS">
          <reporter-output>
          </reporter-output>
        </test-method> <!-- testUpdateUserByName -->
        <test-method signature="testDeleteUserByName()[pri:4, instance:api.test.UserTests@4690b489]" started-at="2024-02-25T18:38:44 IST" name="testDeleteUserByName" finished-at="2024-02-25T18:38:45 IST" duration-ms="1132" status="PASS">
          <reporter-output>
          </reporter-output>
        </test-method> <!-- testDeleteUserByName -->
      </class> <!-- api.test.UserTests -->
    </test> <!-- Test -->
  </suite> <!-- Suite -->
</testng-results>
