<?xml version="1.0" encoding="UTF-8"?>
<testng-results ignored="0" total="4" passed="4" failed="0" skipped="0">
  <reporter-output>
  </reporter-output>
  <suite started-at="2024-02-25T13:12:09 IST" name="Default suite" finished-at="2024-02-25T13:12:19 IST" duration-ms="9900">
    <groups>
    </groups>
    <test started-at="2024-02-25T13:12:09 IST" name="Default test" finished-at="2024-02-25T13:12:19 IST" duration-ms="9900">
      <class name="api.test.UserTests">
        <test-method is-config="true" signature="setupData()[pri:0, instance:api.test.UserTests@6572421]" started-at="2024-02-25T13:12:09 IST" name="setupData" finished-at="2024-02-25T13:12:10 IST" duration-ms="252" status="PASS">
          <reporter-output>
          </reporter-output>
        </test-method> <!-- setupData -->
        <test-method signature="testPostUser()[pri:1, instance:api.test.UserTests@6572421]" started-at="2024-02-25T13:12:10 IST" name="testPostUser" finished-at="2024-02-25T13:12:13 IST" duration-ms="3302" status="PASS">
          <reporter-output>
          </reporter-output>
        </test-method> <!-- testPostUser -->
        <test-method signature="testGetUserByName()[pri:2, instance:api.test.UserTests@6572421]" started-at="2024-02-25T13:12:13 IST" name="testGetUserByName" finished-at="2024-02-25T13:12:15 IST" duration-ms="1593" status="PASS">
          <reporter-output>
          </reporter-output>
        </test-method> <!-- testGetUserByName -->
        <test-method signature="testUpdateUserByName()[pri:3, instance:api.test.UserTests@6572421]" started-at="2024-02-25T13:12:15 IST" name="testUpdateUserByName" finished-at="2024-02-25T13:12:18 IST" duration-ms="3051" status="PASS">
          <reporter-output>
          </reporter-output>
        </test-method> <!-- testUpdateUserByName -->
        <test-method signature="testDeleteUserByName()[pri:4, instance:api.test.UserTests@6572421]" started-at="2024-02-25T13:12:18 IST" name="testDeleteUserByName" finished-at="2024-02-25T13:12:19 IST" duration-ms="1631" status="PASS">
          <reporter-output>
          </reporter-output>
        </test-method> <!-- testDeleteUserByName -->
      </class> <!-- api.test.UserTests -->
    </test> <!-- Default test -->
  </suite> <!-- Default suite -->
</testng-results>
